<?xml version="1.0" encoding="UTF-8"?>
<!-- Generated by org.testng.reporters.JUnitXMLReporter -->
<testsuite hostname="DESKTOP-SMJLONE" failures="0" tests="11" name="Default test" time="0.847" errors="0" timestamp="23 Mar 2021 06:13:16 GMT">
  <testcase classname="TestCase.hospitalName" name="@BeforeClass driverconfig" time="0.0">
    <failure type="org.testng.TestNGException" message="
Parameter &amp;apos;browser&amp;apos; is required by @Configuration on method driverconfig but has not been marked @Optional or defined
in C:\Users\nagar\AppData\Local\Temp\testng-eclipse-1684004442\testng-customsuite.xml">
      <![CDATA[org.testng.TestNGException: 
Parameter 'browser' is required by @Configuration on method driverconfig but has not been marked @Optional or defined
in C:\Users\nagar\AppData\Local\Temp\testng-eclipse-1684004442\testng-customsuite.xml
	at org.testng.internal.Parameters.createParameters(Parameters.java:154)
	at org.testng.internal.Parameters.createParameters(Parameters.java:361)
	at org.testng.internal.Parameters.createConfigurationParameters(Parameters.java:84)
	at org.testng.internal.Invoker.invokeConfigurations(Invoker.java:197)
	at org.testng.internal.Invoker.invokeConfigurations(Invoker.java:138)
	at org.testng.internal.TestMethodWorker.invokeBeforeClassMethods(TestMethodWorker.java:170)
	at org.testng.internal.TestMethodWorker.run(TestMethodWorker.java:104)
	at org.testng.TestRunner.privateRun(TestRunner.java:774)
	at org.testng.TestRunner.run(TestRunner.java:624)
	at org.testng.SuiteRunner.runTest(SuiteRunner.java:359)
	at org.testng.SuiteRunner.runSequentially(SuiteRunner.java:354)
	at org.testng.SuiteRunner.privateRun(SuiteRunner.java:312)
	at org.testng.SuiteRunner.run(SuiteRunner.java:261)
	at org.testng.SuiteRunnerWorker.runSuite(SuiteRunnerWorker.java:52)
	at org.testng.SuiteRunnerWorker.run(SuiteRunnerWorker.java:86)
	at org.testng.TestNG.runSuitesSequentially(TestNG.java:1215)
	at org.testng.TestNG.runSuitesLocally(TestNG.java:1140)
	at org.testng.TestNG.run(TestNG.java:1048)
	at org.testng.remote.AbstractRemoteTestNG.run(AbstractRemoteTestNG.java:115)
	at org.testng.remote.RemoteTestNG.initAndRun(RemoteTestNG.java:251)
	at org.testng.remote.RemoteTestNG.main(RemoteTestNG.java:77)
]]>
    </failure>
  </testcase> <!-- @BeforeClass driverconfig -->
  <testcase classname="TestCase.hospitalName" name="@AfterMethod tearDown" time="0.0">
    <skipped/>
  </testcase> <!-- @AfterMethod tearDown -->
  <testcase classname="TestCase.hospitalName" name="@AfterMethod tearDown" time="0.0">
    <skipped/>
  </testcase> <!-- @AfterMethod tearDown -->
  <testcase classname="TestCase.hospitalName" name="@AfterMethod tearDown" time="0.0">
    <skipped/>
  </testcase> <!-- @AfterMethod tearDown -->
  <testcase classname="TestCase.hospitalName" name="@AfterMethod tearDown" time="0.0">
    <skipped/>
  </testcase> <!-- @AfterMethod tearDown -->
  <testcase classname="TestCase.hospitalName" name="@AfterMethod tearDown" time="0.0">
    <skipped/>
  </testcase> <!-- @AfterMethod tearDown -->
  <testcase classname="TestCase.hospitalName" name="@AfterMethod tearDown" time="0.0">
    <skipped/>
  </testcase> <!-- @AfterMethod tearDown -->
  <testcase classname="TestCase.hospitalName" name="@AfterMethod tearDown" time="0.0">
    <skipped/>
  </testcase> <!-- @AfterMethod tearDown -->
  <testcase classname="TestCase.hospitalName" name="@AfterMethod tearDown" time="0.0">
    <skipped/>
  </testcase> <!-- @AfterMethod tearDown -->
  <testcase classname="TestCase.hospitalName" name="@AfterMethod tearDown" time="0.0">
    <skipped/>
  </testcase> <!-- @AfterMethod tearDown -->
  <testcase classname="TestCase.hospitalName" name="@AfterMethod tearDown" time="0.0">
    <skipped/>
  </testcase> <!-- @AfterMethod tearDown -->
  <testcase classname="TestCase.hospitalName" name="@AfterMethod tearDown" time="0.0">
    <skipped/>
  </testcase> <!-- @AfterMethod tearDown -->
  <testcase classname="TestCase.hospitalName" name="@AfterClass driverexit" time="0.0">
    <skipped/>
  </testcase> <!-- @AfterClass driverexit -->
  <testcase classname="TestCase.hospitalName" name="createObject" time="0.002">
    <skipped/>
  </testcase> <!-- createObject -->
  <testcase classname="TestCase.hospitalName" name="clickOnLocation" time="0.001">
    <skipped/>
  </testcase> <!-- clickOnLocation -->
  <testcase classname="TestCase.hospitalName" name="selectLocation" time="0.001">
    <skipped/>
  </testcase> <!-- selectLocation -->
  <testcase classname="TestCase.hospitalName" name="clickOnHospitalTextBox" time="0.001">
    <skipped/>
  </testcase> <!-- clickOnHospitalTextBox -->
  <testcase classname="TestCase.hospitalName" name="selectHospital" time="0.001">
    <skipped/>
  </testcase> <!-- selectHospital -->
  <testcase classname="TestCase.hospitalName" name="clickOnOpen" time="0.002">
    <skipped/>
  </testcase> <!-- clickOnOpen -->
  <testcase classname="TestCase.hospitalName" name="clickOnArrow1" time="0.001">
    <skipped/>
  </testcase> <!-- clickOnArrow1 -->
  <testcase classname="TestCase.hospitalName" name="clickOnHasParking" time="0.003">
    <skipped/>
  </testcase> <!-- clickOnHasParking -->
  <testcase classname="TestCase.hospitalName" name="screenshot" time="0.001">
    <skipped/>
  </testcase> <!-- screenshot -->
  <testcase classname="TestCase.hospitalName" name="getOutput" time="0.001">
    <skipped/>
  </testcase> <!-- getOutput -->
  <testcase classname="TestCase.hospitalName" name="testcaseWrite" time="0.001">
    <skipped/>
  </testcase> <!-- testcaseWrite -->
</testsuite> <!-- Default test -->
